mode: set
the0/main.go:18.13,45.132 9 0
the0/main.go:45.132,47.91 1 0
the0/main.go:47.91,58.37 5 0
the0/main.go:58.37,63.5 4 0
the0/main.go:67.2,67.42 1 0
the0/main.go:67.42,70.3 2 0
the0/cmd/auth.go:11.34,23.2 6 0
the0/cmd/auth.go:25.35,32.2 1 0
the0/cmd/auth.go:34.36,41.2 1 0
the0/cmd/auth.go:43.36,50.2 1 0
the0/cmd/auth.go:52.36,68.2 2 0
the0/cmd/auth.go:70.51,74.16 3 0
the0/cmd/auth.go:74.16,77.3 2 0
the0/cmd/auth.go:79.2,84.51 4 0
the0/cmd/auth.go:84.51,87.3 2 0
the0/cmd/auth.go:87.8,89.3 1 0
the0/cmd/auth.go:92.52,96.16 3 0
the0/cmd/auth.go:96.16,99.3 2 0
the0/cmd/auth.go:101.2,104.51 3 0
the0/cmd/auth.go:104.51,108.3 3 0
the0/cmd/auth.go:108.8,110.3 1 0
the0/cmd/auth.go:113.52,114.46 1 0
the0/cmd/auth.go:114.46,115.25 1 0
the0/cmd/auth.go:115.25,117.4 1 0
the0/cmd/auth.go:117.9,120.4 2 0
the0/cmd/auth.go:121.8,124.3 2 0
the0/cmd/auth.go:127.52,128.20 1 0
the0/cmd/auth.go:128.20,136.19 5 0
the0/cmd/auth.go:136.19,138.4 1 0
the0/cmd/auth.go:138.9,140.4 1 0
the0/cmd/auth.go:142.3,145.9 4 0
the0/cmd/auth.go:149.2,156.71 8 0
the0/cmd/backtest.go:18.38,30.2 5 0
the0/cmd/backtest.go:33.44,41.2 1 0
the0/cmd/backtest.go:44.42,52.2 1 0
the0/cmd/backtest.go:55.44,63.2 1 0
the0/cmd/backtest.go:65.56,77.16 8 0
the0/cmd/backtest.go:77.16,80.3 2 0
the0/cmd/backtest.go:82.2,83.60 2 0
the0/cmd/backtest.go:83.60,86.3 2 0
the0/cmd/backtest.go:88.2,91.27 2 0
the0/cmd/backtest.go:91.27,94.3 2 0
the0/cmd/backtest.go:95.2,95.27 1 0
the0/cmd/backtest.go:95.27,98.3 2 0
the0/cmd/backtest.go:99.2,99.30 1 0
the0/cmd/backtest.go:99.30,102.3 2 0
the0/cmd/backtest.go:105.2,110.16 4 0
the0/cmd/backtest.go:110.16,113.3 2 0
the0/cmd/backtest.go:115.2,125.16 5 0
the0/cmd/backtest.go:125.16,126.32 1 0
the0/cmd/backtest.go:126.32,129.18 3 0
the0/cmd/backtest.go:129.18,132.5 2 0
the0/cmd/backtest.go:134.4,135.18 2 0
the0/cmd/backtest.go:135.18,138.5 2 0
the0/cmd/backtest.go:139.9,142.4 2 0
the0/cmd/backtest.go:145.2,149.68 5 0
the0/cmd/backtest.go:152.55,161.16 6 0
the0/cmd/backtest.go:161.16,164.3 2 0
the0/cmd/backtest.go:167.2,170.16 3 0
the0/cmd/backtest.go:170.16,171.32 1 0
the0/cmd/backtest.go:171.32,174.18 3 0
the0/cmd/backtest.go:174.18,177.5 2 0
the0/cmd/backtest.go:179.4,180.18 2 0
the0/cmd/backtest.go:180.18,183.5 2 0
the0/cmd/backtest.go:184.9,187.4 2 0
the0/cmd/backtest.go:190.2,190.25 1 0
the0/cmd/backtest.go:190.25,194.3 3 0
the0/cmd/backtest.go:196.2,202.37 4 0
the0/cmd/backtest.go:202.37,209.17 5 0
the0/cmd/backtest.go:209.17,211.4 1 0
the0/cmd/backtest.go:211.9,213.4 1 0
the0/cmd/backtest.go:215.3,217.17 3 0
the0/cmd/backtest.go:217.17,219.4 1 0
the0/cmd/backtest.go:219.9,221.4 1 0
the0/cmd/backtest.go:223.3,223.97 1 0
the0/cmd/backtest.go:226.2,226.39 1 0
the0/cmd/backtest.go:226.39,229.3 2 0
the0/cmd/backtest.go:230.2,230.86 1 0
the0/cmd/backtest.go:233.56,247.16 11 0
the0/cmd/backtest.go:247.16,250.3 2 0
the0/cmd/backtest.go:252.2,253.27 2 0
the0/cmd/backtest.go:253.27,256.3 2 0
the0/cmd/backtest.go:258.2,262.16 3 0
the0/cmd/backtest.go:262.16,265.3 2 0
the0/cmd/backtest.go:267.2,272.16 4 0
the0/cmd/backtest.go:272.16,273.32 1 0
the0/cmd/backtest.go:273.32,276.18 3 0
the0/cmd/backtest.go:276.18,279.5 2 0
the0/cmd/backtest.go:281.4,282.18 2 0
the0/cmd/backtest.go:282.18,285.5 2 0
the0/cmd/backtest.go:286.9,289.4 2 0
the0/cmd/backtest.go:292.2,292.78 1 0
the0/cmd/backtest.go:296.49,297.33 1 0
the0/cmd/backtest.go:298.17,299.23 1 0
the0/cmd/backtest.go:300.17,301.24 1 0
the0/cmd/backtest.go:302.19,303.25 1 0
the0/cmd/backtest.go:304.16,305.22 1 0
the0/cmd/backtest.go:306.10,307.23 1 0
the0/cmd/backtest.go:311.46,312.19 1 0
the0/cmd/backtest.go:312.19,314.3 1 0
the0/cmd/backtest.go:315.2,315.44 1 0
the0/cmd/backtest.go:318.35,319.18 1 0
the0/cmd/backtest.go:319.18,321.3 1 0
the0/cmd/backtest.go:322.2,322.23 1 0
the0/cmd/bot.go:20.33,33.2 7 0
the0/cmd/bot.go:35.39,43.2 1 0
the0/cmd/bot.go:45.37,52.2 1 0
the0/cmd/bot.go:54.39,62.2 1 0
the0/cmd/bot.go:64.39,72.2 1 0
the0/cmd/bot.go:74.37,83.48 3 0
the0/cmd/bot.go:83.48,85.4 1 0
the0/cmd/bot.go:88.2,91.12 3 0
the0/cmd/bot.go:94.59,106.16 8 0
the0/cmd/bot.go:106.16,109.3 2 0
the0/cmd/bot.go:111.2,112.60 2 0
the0/cmd/bot.go:112.60,115.3 2 0
the0/cmd/bot.go:117.2,121.48 3 0
the0/cmd/bot.go:121.48,123.3 1 0
the0/cmd/bot.go:123.8,126.3 2 0
the0/cmd/bot.go:128.2,132.16 3 0
the0/cmd/bot.go:132.16,135.3 2 0
the0/cmd/bot.go:137.2,147.16 5 0
the0/cmd/bot.go:147.16,149.32 1 0
the0/cmd/bot.go:149.32,152.18 3 0
the0/cmd/bot.go:152.18,155.5 2 0
the0/cmd/bot.go:158.4,159.18 2 0
the0/cmd/bot.go:159.18,162.5 2 0
the0/cmd/bot.go:163.9,166.4 2 0
the0/cmd/bot.go:169.2,172.38 4 0
the0/cmd/bot.go:175.58,184.16 6 0
the0/cmd/bot.go:184.16,187.3 2 0
the0/cmd/bot.go:190.2,192.16 3 0
the0/cmd/bot.go:192.16,194.32 1 0
the0/cmd/bot.go:194.32,197.18 3 0
the0/cmd/bot.go:197.18,200.5 2 0
the0/cmd/bot.go:203.4,204.18 2 0
the0/cmd/bot.go:204.18,207.5 2 0
the0/cmd/bot.go:208.9,211.4 2 0
the0/cmd/bot.go:214.2,214.20 1 0
the0/cmd/bot.go:214.20,217.3 2 0
the0/cmd/bot.go:220.2,223.27 3 0
the0/cmd/bot.go:223.27,229.24 4 0
the0/cmd/bot.go:229.24,230.54 1 0
the0/cmd/bot.go:230.54,232.5 1 0
the0/cmd/bot.go:233.4,233.60 1 0
the0/cmd/bot.go:233.60,235.5 1 0
the0/cmd/bot.go:236.4,236.62 1 0
the0/cmd/bot.go:236.62,238.5 1 0
the0/cmd/bot.go:242.3,243.17 2 0
the0/cmd/bot.go:243.17,245.4 1 0
the0/cmd/bot.go:246.3,249.17 3 0
the0/cmd/bot.go:249.17,251.4 1 0
the0/cmd/bot.go:252.3,254.88 2 0
the0/cmd/bot.go:257.2,258.39 2 0
the0/cmd/bot.go:258.39,261.3 2 0
the0/cmd/bot.go:262.2,262.79 1 0
the0/cmd/bot.go:265.59,279.16 10 0
the0/cmd/bot.go:279.16,282.3 2 0
the0/cmd/bot.go:284.2,285.63 2 0
the0/cmd/bot.go:285.63,288.3 2 0
the0/cmd/bot.go:290.2,294.16 3 0
the0/cmd/bot.go:294.16,297.3 2 0
the0/cmd/bot.go:299.2,303.51 3 0
the0/cmd/bot.go:303.51,305.3 1 0
the0/cmd/bot.go:308.2,315.16 4 0
the0/cmd/bot.go:315.16,317.32 1 0
the0/cmd/bot.go:317.32,320.18 3 0
the0/cmd/bot.go:320.18,323.5 2 0
the0/cmd/bot.go:326.4,327.18 2 0
the0/cmd/bot.go:327.18,330.5 2 0
the0/cmd/bot.go:331.9,334.4 2 0
the0/cmd/bot.go:337.2,339.55 3 0
the0/cmd/bot.go:342.59,356.16 11 0
the0/cmd/bot.go:356.16,359.3 2 0
the0/cmd/bot.go:361.2,362.27 2 0
the0/cmd/bot.go:362.27,365.3 2 0
the0/cmd/bot.go:367.2,371.16 3 0
the0/cmd/bot.go:371.16,374.3 2 0
the0/cmd/bot.go:376.2,381.16 4 0
the0/cmd/bot.go:381.16,383.32 1 0
the0/cmd/bot.go:383.32,386.18 3 0
the0/cmd/bot.go:386.18,389.5 2 0
the0/cmd/bot.go:392.4,393.18 2 0
the0/cmd/bot.go:393.18,396.5 2 0
the0/cmd/bot.go:397.9,400.4 2 0
the0/cmd/bot.go:403.2,405.43 3 0
the0/cmd/bot.go:408.79,417.19 6 0
the0/cmd/bot.go:417.19,419.54 2 0
the0/cmd/bot.go:419.54,422.4 2 0
the0/cmd/bot.go:423.8,426.3 1 0
the0/cmd/bot.go:429.2,429.31 1 0
the0/cmd/bot.go:429.31,432.3 2 0
the0/cmd/bot.go:434.2,435.15 2 0
the0/cmd/bot.go:435.15,437.3 1 0
the0/cmd/bot.go:440.2,441.16 2 0
the0/cmd/bot.go:441.16,444.3 2 0
the0/cmd/bot.go:446.2,448.15 2 0
the0/cmd/bot.go:448.15,450.3 1 0
the0/cmd/bot.go:450.8,452.3 1 0
the0/cmd/bot.go:455.48,458.38 2 0
the0/cmd/bot.go:458.38,461.17 2 0
the0/cmd/bot.go:461.17,463.4 1 0
the0/cmd/bot.go:464.3,464.13 1 0
the0/cmd/bot.go:468.2,469.43 2 0
the0/cmd/bot.go:469.43,472.17 3 0
the0/cmd/bot.go:472.17,474.4 1 0
the0/cmd/bot.go:475.3,476.17 2 0
the0/cmd/bot.go:476.17,478.4 1 0
the0/cmd/bot.go:479.3,479.31 1 0
the0/cmd/bot.go:479.31,481.4 1 0
the0/cmd/bot.go:482.3,482.13 1 0
the0/cmd/bot.go:485.2,485.88 1 0
the0/cmd/bot.go:488.109,497.38 4 0
the0/cmd/bot.go:497.38,499.3 1 0
the0/cmd/bot.go:499.8,501.3 1 0
the0/cmd/bot.go:504.2,505.16 2 0
the0/cmd/bot.go:505.16,507.32 1 0
the0/cmd/bot.go:507.32,511.18 4 0
the0/cmd/bot.go:511.18,514.5 2 0
the0/cmd/bot.go:517.4,518.18 2 0
the0/cmd/bot.go:518.18,521.5 2 0
the0/cmd/bot.go:522.9,525.4 2 0
the0/cmd/bot.go:528.2,528.20 1 0
the0/cmd/bot.go:528.20,532.3 3 0
the0/cmd/bot.go:535.2,536.80 2 0
the0/cmd/bot.go:539.107,558.38 9 0
the0/cmd/bot.go:558.38,560.3 1 0
the0/cmd/bot.go:560.8,562.3 1 0
the0/cmd/bot.go:565.2,566.16 2 0
the0/cmd/bot.go:566.16,569.3 2 0
the0/cmd/bot.go:571.2,571.19 1 0
the0/cmd/bot.go:571.19,574.28 2 0
the0/cmd/bot.go:574.28,575.70 1 0
the0/cmd/bot.go:575.70,576.39 1 0
the0/cmd/bot.go:576.39,578.6 1 0
the0/cmd/bot.go:583.2,585.6 2 0
the0/cmd/bot.go:585.6,586.10 1 0
the0/cmd/bot.go:587.18,589.10 2 0
the0/cmd/bot.go:590.19,593.18 2 0
the0/cmd/bot.go:593.18,595.13 2 0
the0/cmd/bot.go:599.4,600.32 2 0
the0/cmd/bot.go:600.32,601.71 1 0
the0/cmd/bot.go:601.71,602.40 1 0
the0/cmd/bot.go:602.40,604.7 1 0
the0/cmd/bot.go:608.4,608.27 1 0
the0/cmd/bot.go:608.27,611.36 2 0
the0/cmd/bot.go:611.36,612.72 1 0
the0/cmd/bot.go:612.72,613.41 1 0
the0/cmd/bot.go:613.41,615.8 1 0
the0/cmd/bot.go:623.149,625.45 2 0
the0/cmd/bot.go:625.45,628.21 2 0
the0/cmd/bot.go:628.21,630.4 1 0
the0/cmd/bot.go:632.3,632.59 1 0
the0/cmd/bot.go:634.2,634.18 1 0
the0/cmd/bot.go:637.50,641.27 3 0
the0/cmd/bot.go:641.27,645.17 3 0
the0/cmd/bot.go:645.17,647.4 1 0
the0/cmd/bot.go:647.9,649.4 1 0
the0/cmd/bot.go:652.3,652.75 1 0
the0/cmd/check_update.go:17.33,19.2 1 0
the0/cmd/check_update.go:21.41,32.2 3 0
the0/cmd/check_update.go:34.62,55.16 8 0
the0/cmd/check_update.go:55.16,56.44 1 0
the0/cmd/check_update.go:56.44,60.4 3 0
the0/cmd/check_update.go:61.3,61.60 1 0
the0/cmd/check_update.go:64.2,64.22 1 0
the0/cmd/check_update.go:64.22,67.3 2 0
the0/cmd/check_update.go:70.2,75.12 5 0
the0/cmd/custom_bot.go:15.39,27.2 6 0
the0/cmd/custom_bot.go:29.36,36.2 1 0
the0/cmd/custom_bot.go:38.51,44.16 4 0
the0/cmd/custom_bot.go:44.16,47.3 2 0
the0/cmd/custom_bot.go:49.2,52.59 2 0
the0/cmd/custom_bot.go:52.59,55.3 2 0
the0/cmd/custom_bot.go:57.2,60.63 2 0
the0/cmd/custom_bot.go:60.63,64.3 3 0
the0/cmd/custom_bot.go:67.2,68.16 2 0
the0/cmd/custom_bot.go:68.16,71.3 2 0
the0/cmd/custom_bot.go:73.2,78.16 4 0
the0/cmd/custom_bot.go:78.16,80.32 1 0
the0/cmd/custom_bot.go:80.32,83.18 3 0
the0/cmd/custom_bot.go:83.18,87.5 3 0
the0/cmd/custom_bot.go:90.4,91.18 2 0
the0/cmd/custom_bot.go:91.18,95.5 3 0
the0/cmd/custom_bot.go:96.9,100.4 3 0
the0/cmd/custom_bot.go:103.2,103.14 1 0
the0/cmd/custom_bot.go:103.14,105.3 1 0
the0/cmd/custom_bot.go:105.8,107.3 1 0
the0/cmd/custom_bot.go:110.2,111.16 2 0
the0/cmd/custom_bot.go:111.16,115.3 3 0
the0/cmd/custom_bot.go:116.2,121.77 3 0
the0/cmd/custom_bot.go:121.77,123.32 1 0
the0/cmd/custom_bot.go:123.32,126.18 3 0
the0/cmd/custom_bot.go:126.18,130.5 3 0
the0/cmd/custom_bot.go:133.4,133.79 1 0
the0/cmd/custom_bot.go:133.79,137.5 3 0
the0/cmd/custom_bot.go:138.9,142.4 3 0
the0/cmd/custom_bot.go:145.2,147.53 3 0
the0/cmd/custom_bot.go:150.43,157.2 1 0
the0/cmd/custom_bot.go:159.45,167.2 1 0
the0/cmd/custom_bot.go:169.56,178.16 6 0
the0/cmd/custom_bot.go:178.16,181.3 2 0
the0/cmd/custom_bot.go:184.2,186.16 3 0
the0/cmd/custom_bot.go:186.16,188.32 1 0
the0/cmd/custom_bot.go:188.32,191.18 3 0
the0/cmd/custom_bot.go:191.18,194.5 2 0
the0/cmd/custom_bot.go:197.4,198.18 2 0
the0/cmd/custom_bot.go:198.18,201.5 2 0
the0/cmd/custom_bot.go:202.9,205.4 2 0
the0/cmd/custom_bot.go:208.2,208.26 1 0
the0/cmd/custom_bot.go:208.26,211.3 2 0
the0/cmd/custom_bot.go:214.2,217.39 3 0
the0/cmd/custom_bot.go:217.39,220.17 2 0
the0/cmd/custom_bot.go:220.17,222.4 1 0
the0/cmd/custom_bot.go:223.3,227.34 3 0
the0/cmd/custom_bot.go:227.34,229.47 1 0
the0/cmd/custom_bot.go:229.47,230.51 1 0
the0/cmd/custom_bot.go:230.51,232.11 2 0
the0/cmd/custom_bot.go:237.3,237.20 1 0
the0/cmd/custom_bot.go:237.20,239.4 1 0
the0/cmd/custom_bot.go:241.3,241.77 1 0
the0/cmd/custom_bot.go:244.2,245.39 2 0
the0/cmd/custom_bot.go:245.39,248.3 2 0
the0/cmd/custom_bot.go:249.2,249.66 1 0
the0/cmd/custom_bot.go:252.60,261.20 7 0
the0/cmd/custom_bot.go:261.20,263.3 1 0
the0/cmd/custom_bot.go:263.8,267.3 2 0
the0/cmd/custom_bot.go:270.2,270.61 1 0
the0/cmd/custom_bot.go:270.61,273.3 2 0
the0/cmd/custom_bot.go:275.2,279.16 3 0
the0/cmd/custom_bot.go:279.16,282.3 2 0
the0/cmd/custom_bot.go:285.2,287.16 3 0
the0/cmd/custom_bot.go:287.16,289.32 1 0
the0/cmd/custom_bot.go:289.32,292.18 3 0
the0/cmd/custom_bot.go:292.18,295.5 2 0
the0/cmd/custom_bot.go:298.4,299.18 2 0
the0/cmd/custom_bot.go:299.18,302.5 2 0
the0/cmd/custom_bot.go:303.9,306.4 2 0
the0/cmd/custom_bot.go:310.2,311.19 2 0
the0/cmd/custom_bot.go:311.19,313.3 1 0
the0/cmd/custom_bot.go:315.2,315.39 1 0
the0/cmd/custom_bot.go:315.39,316.27 1 0
the0/cmd/custom_bot.go:316.27,318.9 2 0
the0/cmd/custom_bot.go:322.2,322.26 1 0
the0/cmd/custom_bot.go:322.26,325.3 2 0
the0/cmd/custom_bot.go:328.2,329.29 2 0
the0/cmd/custom_bot.go:329.29,331.3 1 0
the0/cmd/custom_bot.go:331.8,333.3 1 0
the0/cmd/custom_bot.go:335.2,335.39 1 0
the0/cmd/custom_bot.go:335.39,338.3 2 0
the0/cmd/custom_bot.go:341.2,342.16 2 0
the0/cmd/custom_bot.go:342.16,345.3 2 0
the0/cmd/custom_bot.go:347.2,348.33 2 0
the0/cmd/custom_bot.go:351.47,359.2 1 0
the0/cmd/custom_bot.go:361.62,371.16 7 0
the0/cmd/custom_bot.go:371.16,374.3 2 0
the0/cmd/custom_bot.go:376.2,378.16 3 0
the0/cmd/custom_bot.go:378.16,379.32 1 0
the0/cmd/custom_bot.go:379.32,382.18 3 0
the0/cmd/custom_bot.go:382.18,385.5 2 0
the0/cmd/custom_bot.go:387.4,388.18 2 0
the0/cmd/custom_bot.go:388.18,391.5 2 0
the0/cmd/custom_bot.go:392.9,395.4 2 0
the0/cmd/custom_bot.go:398.2,399.39 2 0
the0/cmd/custom_bot.go:399.39,400.34 1 0
the0/cmd/custom_bot.go:400.34,401.47 1 0
the0/cmd/custom_bot.go:401.47,402.51 1 0
the0/cmd/custom_bot.go:402.51,404.59 2 0
the0/cmd/custom_bot.go:404.59,406.12 2 0
the0/cmd/custom_bot.go:410.4,410.30 1 0
the0/cmd/custom_bot.go:410.30,411.10 1 0
the0/cmd/custom_bot.go:416.2,416.28 1 0
the0/cmd/custom_bot.go:416.28,419.3 2 0
the0/cmd/custom_bot.go:421.2,421.40 1 0
the0/cmd/custom_bot.go:421.40,424.3 2 0
the0/cmd/custom_bot.go:426.2,429.51 3 0
the0/cmd/custom_bot.go:429.51,431.17 2 0
the0/cmd/custom_bot.go:431.17,433.4 1 0
the0/cmd/custom_bot.go:434.3,438.53 3 0
the0/cmd/custom_bot.go:441.2,442.39 2 0
the0/cmd/custom_bot.go:442.39,445.3 2 0
the0/cmd/custom_bot.go:446.2,446.61 1 0
the0/cmd/self_update.go:15.40,29.2 6 0
the0/cmd/self_update.go:31.61,56.16 11 0
the0/cmd/self_update.go:56.16,57.44 1 0
the0/cmd/self_update.go:57.44,60.4 2 0
the0/cmd/self_update.go:61.3,61.60 1 0
the0/cmd/self_update.go:64.2,64.32 1 0
the0/cmd/self_update.go:64.32,67.3 2 0
the0/cmd/self_update.go:70.2,70.21 1 0
the0/cmd/self_update.go:70.21,74.3 3 0
the0/cmd/self_update.go:74.8,74.18 1 0
the0/cmd/self_update.go:74.18,76.3 1 0
the0/cmd/self_update.go:79.2,79.15 1 0
the0/cmd/self_update.go:79.15,80.22 1 0
the0/cmd/self_update.go:80.22,82.4 1 0
the0/cmd/self_update.go:83.3,83.13 1 0
the0/cmd/self_update.go:87.2,87.10 1 0
the0/cmd/self_update.go:87.10,92.83 4 0
the0/cmd/self_update.go:92.83,95.4 2 0
the0/cmd/self_update.go:99.2,103.49 3 0
the0/cmd/self_update.go:103.49,104.16 1 0
the0/cmd/self_update.go:104.16,106.48 2 0
the0/cmd/self_update.go:106.48,109.5 2 0
the0/cmd/self_update.go:114.2,118.16 4 0
the0/cmd/self_update.go:118.16,119.50 1 0
the0/cmd/self_update.go:119.50,123.4 3 0
the0/cmd/self_update.go:124.3,124.46 1 0
the0/cmd/self_update.go:127.2,131.12 4 0
the0/internal/api.go:133.46,140.2 1 0
the0/internal/api.go:143.29,144.49 1 0
the0/internal/api.go:144.49,146.3 1 0
the0/internal/api.go:147.2,147.24 1 0
the0/internal/api.go:184.50,186.16 2 0
the0/internal/api.go:186.16,188.3 1 0
the0/internal/api.go:190.2,193.16 3 0
the0/internal/api.go:193.16,195.3 1 0
the0/internal/api.go:196.2,199.16 3 0
the0/internal/api.go:199.16,201.3 1 0
the0/internal/api.go:203.2,203.54 1 0
the0/internal/api.go:203.54,205.3 1 0
the0/internal/api.go:207.2,207.28 1 0
the0/internal/api.go:207.28,209.3 1 0
the0/internal/api.go:211.2,212.59 2 0
the0/internal/api.go:212.59,214.3 1 0
the0/internal/api.go:216.2,216.26 1 0
the0/internal/api.go:216.26,218.3 1 0
the0/internal/api.go:220.2,220.29 1 0
the0/internal/api.go:220.29,222.3 1 0
the0/internal/api.go:224.2,224.12 1 0
the0/internal/api.go:228.81,230.16 2 0
the0/internal/api.go:230.16,232.3 1 0
the0/internal/api.go:234.2,237.16 3 0
the0/internal/api.go:237.16,239.3 1 0
the0/internal/api.go:240.2,242.28 2 0
the0/internal/api.go:242.28,245.3 1 0
the0/internal/api.go:247.2,247.54 1 0
the0/internal/api.go:247.54,249.3 1 0
the0/internal/api.go:251.2,251.28 1 0
the0/internal/api.go:251.28,253.3 1 0
the0/internal/api.go:255.2,256.16 2 0
the0/internal/api.go:256.16,258.3 1 0
the0/internal/api.go:260.2,261.59 2 0
the0/internal/api.go:261.59,263.3 1 0
the0/internal/api.go:265.2,265.26 1 0
the0/internal/api.go:265.26,267.3 1 0
the0/internal/api.go:269.2,272.16 3 0
the0/internal/api.go:272.16,274.3 1 0
the0/internal/api.go:276.2,277.16 2 0
the0/internal/api.go:277.16,279.3 1 0
the0/internal/api.go:281.2,281.45 1 0
the0/internal/api.go:281.45,283.3 1 0
the0/internal/api.go:285.2,287.18 2 0
the0/internal/api.go:291.99,297.16 4 0
the0/internal/api.go:297.16,299.3 1 0
the0/internal/api.go:300.2,307.16 4 0
the0/internal/api.go:307.16,309.3 1 0
the0/internal/api.go:312.2,313.34 2 0
the0/internal/api.go:313.34,315.17 2 0
the0/internal/api.go:315.17,317.4 1 0
the0/internal/api.go:319.3,319.77 1 0
the0/internal/api.go:319.77,321.4 1 0
the0/internal/api.go:324.2,325.16 2 0
the0/internal/api.go:325.16,327.3 1 0
the0/internal/api.go:329.2,330.66 2 0
the0/internal/api.go:330.66,332.3 1 0
the0/internal/api.go:335.2,338.39 2 0
the0/internal/api.go:338.39,340.3 1 0
the0/internal/api.go:343.2,346.27 2 0
the0/internal/api.go:346.27,348.3 1 0
the0/internal/api.go:351.2,365.16 3 0
the0/internal/api.go:365.16,367.3 1 0
the0/internal/api.go:370.2,376.16 3 0
the0/internal/api.go:376.16,378.3 1 0
the0/internal/api.go:381.2,384.14 3 0
the0/internal/api.go:384.14,387.3 2 0
the0/internal/api.go:387.8,390.3 2 0
the0/internal/api.go:392.2,393.16 2 0
the0/internal/api.go:393.16,395.3 1 0
the0/internal/api.go:397.2,401.16 4 0
the0/internal/api.go:401.16,403.3 1 0
the0/internal/api.go:404.2,406.54 2 0
the0/internal/api.go:406.54,408.3 1 0
the0/internal/api.go:410.2,410.54 1 0
the0/internal/api.go:410.54,414.3 2 0
the0/internal/api.go:416.2,417.12 2 0
the0/internal/api.go:442.65,444.16 2 0
the0/internal/api.go:444.16,446.3 1 0
the0/internal/api.go:448.2,451.16 3 0
the0/internal/api.go:451.16,453.3 1 0
the0/internal/api.go:454.2,456.54 2 0
the0/internal/api.go:456.54,458.3 1 0
the0/internal/api.go:460.2,461.16 2 0
the0/internal/api.go:461.16,463.3 1 0
the0/internal/api.go:465.2,465.28 1 0
the0/internal/api.go:465.28,467.3 1 0
the0/internal/api.go:470.2,471.59 2 0
the0/internal/api.go:471.59,472.27 1 0
the0/internal/api.go:472.27,474.4 1 0
the0/internal/api.go:475.3,475.31 1 0
the0/internal/api.go:479.2,480.52 2 0
the0/internal/api.go:480.52,482.3 1 0
the0/internal/api.go:484.2,484.18 1 0
the0/internal/api.go:488.100,490.16 2 0
the0/internal/api.go:490.16,492.3 1 0
the0/internal/api.go:494.2,495.16 2 0
the0/internal/api.go:495.16,497.3 1 0
the0/internal/api.go:499.2,503.16 4 0
the0/internal/api.go:503.16,505.3 1 0
the0/internal/api.go:506.2,508.54 2 0
the0/internal/api.go:508.54,510.3 1 0
the0/internal/api.go:512.2,513.16 2 0
the0/internal/api.go:513.16,515.3 1 0
the0/internal/api.go:517.2,517.54 1 0
the0/internal/api.go:517.54,519.3 1 0
the0/internal/api.go:521.2,522.59 2 0
the0/internal/api.go:522.59,524.3 1 0
the0/internal/api.go:526.2,526.26 1 0
the0/internal/api.go:530.98,532.16 2 0
the0/internal/api.go:532.16,534.3 1 0
the0/internal/api.go:536.2,537.16 2 0
the0/internal/api.go:537.16,539.3 1 0
the0/internal/api.go:541.2,545.16 4 0
the0/internal/api.go:545.16,547.3 1 0
the0/internal/api.go:548.2,550.54 2 0
the0/internal/api.go:550.54,552.3 1 0
the0/internal/api.go:554.2,554.28 1 0
the0/internal/api.go:554.28,556.3 1 0
the0/internal/api.go:558.2,558.28 1 0
the0/internal/api.go:558.28,561.3 2 0
the0/internal/api.go:563.2,563.12 1 0
the0/internal/api.go:589.71,591.16 2 0
the0/internal/api.go:591.16,593.3 1 0
the0/internal/api.go:595.2,598.16 3 0
the0/internal/api.go:598.16,600.3 1 0
the0/internal/api.go:601.2,603.54 2 0
the0/internal/api.go:603.54,605.3 1 0
the0/internal/api.go:607.2,607.28 1 0
the0/internal/api.go:607.28,609.3 1 0
the0/internal/api.go:611.2,611.54 1 0
the0/internal/api.go:611.54,614.3 2 0
the0/internal/api.go:616.2,616.12 1 0
the0/internal/api.go:620.92,622.16 2 0
the0/internal/api.go:622.16,624.3 1 0
the0/internal/api.go:626.2,626.27 1 0
the0/internal/api.go:626.27,627.53 1 0
the0/internal/api.go:627.53,629.4 1 0
the0/internal/api.go:632.2,632.57 1 0
the0/internal/api.go:636.65,638.16 2 0
the0/internal/api.go:638.16,640.3 1 0
the0/internal/api.go:642.2,645.16 3 0
the0/internal/api.go:645.16,647.3 1 0
the0/internal/api.go:648.2,650.54 2 0
the0/internal/api.go:650.54,652.3 1 0
the0/internal/api.go:654.2,655.16 2 0
the0/internal/api.go:655.16,657.3 1 0
the0/internal/api.go:659.2,659.28 1 0
the0/internal/api.go:659.28,661.3 1 0
the0/internal/api.go:663.2,664.59 2 0
the0/internal/api.go:664.59,666.3 1 0
the0/internal/api.go:668.2,668.26 1 0
the0/internal/api.go:668.26,670.3 1 0
the0/internal/api.go:672.2,672.30 1 0
the0/internal/api.go:676.73,678.16 2 0
the0/internal/api.go:678.16,680.3 1 0
the0/internal/api.go:682.2,685.16 3 0
the0/internal/api.go:685.16,687.3 1 0
the0/internal/api.go:688.2,690.54 2 0
the0/internal/api.go:690.54,692.3 1 0
the0/internal/api.go:694.2,695.16 2 0
the0/internal/api.go:695.16,697.3 1 0
the0/internal/api.go:699.2,699.28 1 0
the0/internal/api.go:699.28,701.3 1 0
the0/internal/api.go:703.2,704.59 2 0
the0/internal/api.go:704.59,706.3 1 0
the0/internal/api.go:708.2,708.26 1 0
the0/internal/api.go:708.26,710.3 1 0
the0/internal/api.go:712.2,712.30 1 0
the0/internal/api.go:716.92,718.16 2 0
the0/internal/api.go:718.16,720.3 1 0
the0/internal/api.go:722.2,725.16 3 0
the0/internal/api.go:725.16,727.3 1 0
the0/internal/api.go:728.2,730.54 2 0
the0/internal/api.go:730.54,732.3 1 0
the0/internal/api.go:734.2,734.28 1 0
the0/internal/api.go:734.28,736.3 1 0
the0/internal/api.go:738.2,739.16 2 0
the0/internal/api.go:739.16,741.3 1 0
the0/internal/api.go:743.2,743.28 1 0
the0/internal/api.go:743.28,745.3 1 0
the0/internal/api.go:747.2,748.59 2 0
the0/internal/api.go:748.59,750.3 1 0
the0/internal/api.go:752.2,752.26 1 0
the0/internal/api.go:752.26,754.3 1 0
the0/internal/api.go:756.2,756.31 1 0
the0/internal/api.go:760.98,764.16 3 0
the0/internal/api.go:764.16,766.3 1 0
the0/internal/api.go:769.2,769.19 1 0
the0/internal/api.go:769.19,771.24 2 0
the0/internal/api.go:771.24,773.4 1 0
the0/internal/api.go:774.3,774.29 1 0
the0/internal/api.go:774.29,776.4 1 0
the0/internal/api.go:777.3,777.23 1 0
the0/internal/api.go:777.23,779.4 1 0
the0/internal/api.go:780.3,780.32 1 0
the0/internal/api.go:783.2,786.16 3 0
the0/internal/api.go:786.16,788.3 1 0
the0/internal/api.go:789.2,790.16 2 0
the0/internal/api.go:790.16,792.3 1 0
the0/internal/api.go:793.2,795.54 2 0
the0/internal/api.go:795.54,797.3 1 0
the0/internal/api.go:799.2,799.28 1 0
the0/internal/api.go:799.28,801.3 1 0
the0/internal/api.go:803.2,804.16 2 0
the0/internal/api.go:804.16,806.3 1 0
the0/internal/api.go:808.2,808.28 1 0
the0/internal/api.go:808.28,810.3 1 0
the0/internal/api.go:812.2,813.59 2 0
the0/internal/api.go:813.59,815.3 1 0
the0/internal/api.go:817.2,817.26 1 0
the0/internal/api.go:817.26,819.3 1 0
the0/internal/api.go:821.2,821.30 1 0
the0/internal/api.go:825.115,828.16 2 0
the0/internal/api.go:828.16,830.3 1 0
the0/internal/api.go:831.2,839.16 5 0
the0/internal/api.go:839.16,841.3 1 0
the0/internal/api.go:844.2,845.16 2 0
the0/internal/api.go:845.16,847.3 1 0
the0/internal/api.go:850.2,851.16 2 0
the0/internal/api.go:851.16,853.3 1 0
the0/internal/api.go:856.2,857.16 2 0
the0/internal/api.go:857.16,859.3 1 0
the0/internal/api.go:862.2,863.16 2 0
the0/internal/api.go:863.16,865.3 1 0
the0/internal/api.go:868.2,877.16 5 0
the0/internal/api.go:877.16,879.3 1 0
the0/internal/api.go:880.2,884.16 3 0
the0/internal/api.go:884.16,886.3 1 0
the0/internal/api.go:888.2,888.28 1 0
the0/internal/api.go:888.28,890.3 1 0
the0/internal/api.go:893.2,899.62 2 0
the0/internal/api.go:899.62,901.3 1 0
the0/internal/api.go:903.2,903.29 1 0
the0/internal/api.go:903.29,905.3 1 0
the0/internal/api.go:908.2,908.35 1 0
the0/internal/api.go:908.35,910.3 1 0
the0/internal/api.go:912.2,912.37 1 0
the0/internal/api.go:916.107,918.16 2 0
the0/internal/api.go:918.16,920.3 1 0
the0/internal/api.go:922.2,923.16 2 0
the0/internal/api.go:923.16,925.3 1 0
the0/internal/api.go:927.2,931.16 4 0
the0/internal/api.go:931.16,933.3 1 0
the0/internal/api.go:934.2,936.54 2 0
the0/internal/api.go:936.54,938.3 1 0
the0/internal/api.go:940.2,940.54 1 0
the0/internal/api.go:940.54,942.3 1 0
the0/internal/api.go:944.2,945.16 2 0
the0/internal/api.go:945.16,947.3 1 0
the0/internal/api.go:949.2,950.56 2 0
the0/internal/api.go:950.56,952.3 1 0
the0/internal/api.go:954.2,954.23 1 0
the0/internal/api.go:958.75,960.16 2 0
the0/internal/api.go:960.16,962.3 1 0
the0/internal/api.go:964.2,967.16 3 0
the0/internal/api.go:967.16,969.3 1 0
the0/internal/api.go:970.2,972.54 2 0
the0/internal/api.go:972.54,974.3 1 0
the0/internal/api.go:976.2,977.16 2 0
the0/internal/api.go:977.16,979.3 1 0
the0/internal/api.go:981.2,981.28 1 0
the0/internal/api.go:981.28,983.3 1 0
the0/internal/api.go:986.2,987.59 2 0
the0/internal/api.go:987.59,988.27 1 0
the0/internal/api.go:988.27,990.4 1 0
the0/internal/api.go:991.3,991.31 1 0
the0/internal/api.go:995.2,996.57 2 0
the0/internal/api.go:996.57,998.3 1 0
the0/internal/api.go:1000.2,1000.23 1 0
the0/internal/api.go:1004.73,1006.16 2 0
the0/internal/api.go:1006.16,1008.3 1 0
the0/internal/api.go:1010.2,1013.16 3 0
the0/internal/api.go:1013.16,1015.3 1 0
the0/internal/api.go:1016.2,1018.54 2 0
the0/internal/api.go:1018.54,1020.3 1 0
the0/internal/api.go:1022.2,1022.28 1 0
the0/internal/api.go:1022.28,1024.3 1 0
the0/internal/api.go:1026.2,1026.54 1 0
the0/internal/api.go:1026.54,1028.3 1 0
the0/internal/api.go:1030.2,1030.12 1 0
the0/internal/auth.go:22.32,24.16 2 0
the0/internal/auth.go:24.16,26.3 1 0
the0/internal/auth.go:28.2,30.16 3 0
the0/internal/auth.go:30.16,32.3 1 0
the0/internal/auth.go:34.2,35.52 2 0
the0/internal/auth.go:35.52,37.3 1 0
the0/internal/auth.go:39.2,39.19 1 0
the0/internal/auth.go:43.33,45.16 2 0
the0/internal/auth.go:45.16,47.3 1 0
the0/internal/auth.go:49.2,50.51 2 0
the0/internal/auth.go:50.51,52.3 1 0
the0/internal/auth.go:54.2,56.16 3 0
the0/internal/auth.go:56.16,58.3 1 0
the0/internal/auth.go:60.2,60.43 1 0
the0/internal/auth.go:64.25,66.16 2 0
the0/internal/auth.go:66.16,68.3 1 0
the0/internal/auth.go:70.2,71.28 2 0
the0/internal/auth.go:75.42,80.16 4 0
the0/internal/auth.go:80.16,82.3 1 0
the0/internal/auth.go:83.2,85.18 2 0
the0/internal/auth.go:85.18,87.3 1 0
the0/internal/auth.go:89.2,95.39 2 0
the0/internal/auth.go:95.39,97.3 1 0
the0/internal/auth.go:99.2,99.18 1 0
the0/internal/auth.go:103.45,105.16 2 0
the0/internal/auth.go:105.16,108.3 1 0
the0/internal/auth.go:111.2,112.51 2 0
the0/internal/auth.go:112.51,115.3 2 0
the0/internal/auth.go:117.2,117.18 1 0
the0/internal/auth.go:121.34,126.2 1 0
the0/internal/config.go:33.42,34.62 1 0
the0/internal/config.go:34.62,36.3 1 0
the0/internal/config.go:38.2,39.16 2 0
the0/internal/config.go:39.16,41.3 1 0
the0/internal/config.go:43.2,44.54 2 0
the0/internal/config.go:44.54,46.3 1 0
the0/internal/config.go:48.2,48.21 1 0
the0/internal/config.go:52.49,53.23 1 0
the0/internal/config.go:53.23,55.3 1 0
the0/internal/config.go:58.2,59.41 2 0
the0/internal/config.go:59.41,61.3 1 0
the0/internal/config.go:63.2,63.26 1 0
the0/internal/config.go:63.26,65.3 1 0
the0/internal/config.go:68.2,68.61 1 0
the0/internal/config.go:68.61,70.3 1 0
the0/internal/config.go:72.2,72.23 1 0
the0/internal/config.go:72.23,74.3 1 0
the0/internal/config.go:77.2,77.55 1 0
the0/internal/config.go:77.55,79.3 1 0
the0/internal/config.go:81.2,81.34 1 0
the0/internal/config.go:81.34,83.3 1 0
the0/internal/config.go:87.2,87.29 1 0
the0/internal/config.go:87.29,89.3 1 0
the0/internal/config.go:91.2,91.25 1 0
the0/internal/config.go:91.25,93.3 1 0
the0/internal/config.go:96.2,103.39 2 0
the0/internal/config.go:103.39,105.3 1 0
the0/internal/config.go:106.2,106.34 1 0
the0/internal/config.go:106.34,108.3 1 0
the0/internal/config.go:110.2,110.37 1 0
the0/internal/config.go:110.37,111.50 1 0
the0/internal/config.go:111.50,113.4 1 0
the0/internal/config.go:116.2,116.12 1 0
the0/internal/ignore.go:23.38,27.2 1 0
the0/internal/ignore.go:30.58,32.16 2 0
the0/internal/ignore.go:32.16,33.25 1 0
the0/internal/ignore.go:33.25,36.4 1 0
the0/internal/ignore.go:37.3,37.13 1 0
the0/internal/ignore.go:39.2,42.21 3 0
the0/internal/ignore.go:42.21,46.49 2 0
the0/internal/ignore.go:46.49,47.12 1 0
the0/internal/ignore.go:50.3,55.35 2 0
the0/internal/ignore.go:55.35,58.4 2 0
the0/internal/ignore.go:61.3,61.46 1 0
the0/internal/ignore.go:61.46,64.4 2 0
the0/internal/ignore.go:66.3,66.43 1 0
the0/internal/ignore.go:69.2,69.22 1 0
the0/internal/ignore.go:73.45,84.35 2 0
the0/internal/ignore.go:84.35,89.38 2 0
the0/internal/ignore.go:89.38,92.4 2 0
the0/internal/ignore.go:94.3,94.49 1 0
the0/internal/ignore.go:99.67,102.88 1 0
the0/internal/ignore.go:102.88,104.3 1 0
the0/internal/ignore.go:106.2,109.37 2 0
the0/internal/ignore.go:109.37,112.14 2 0
the0/internal/ignore.go:112.14,113.26 1 0
the0/internal/ignore.go:113.26,115.5 1 0
the0/internal/ignore.go:115.10,117.5 1 0
the0/internal/ignore.go:121.2,121.16 1 0
the0/internal/ignore.go:125.76,127.37 1 0
the0/internal/ignore.go:127.37,129.3 1 0
the0/internal/ignore.go:132.2,133.24 2 0
the0/internal/ignore.go:133.24,135.3 1 0
the0/internal/ignore.go:138.2,138.55 1 0
the0/internal/ignore.go:138.55,140.3 1 0
the0/internal/ignore.go:143.2,143.24 1 0
the0/internal/ignore.go:143.24,145.43 1 0
the0/internal/ignore.go:145.43,147.4 1 0
the0/internal/ignore.go:149.3,149.31 1 0
the0/internal/ignore.go:149.31,151.4 1 0
the0/internal/ignore.go:153.3,154.34 2 0
the0/internal/ignore.go:154.34,155.23 1 0
the0/internal/ignore.go:155.23,157.5 1 0
the0/internal/ignore.go:162.2,162.36 1 0
the0/internal/ignore.go:162.36,165.14 2 0
the0/internal/ignore.go:165.14,167.4 1 0
the0/internal/ignore.go:170.3,171.14 2 0
the0/internal/ignore.go:171.14,173.4 1 0
the0/internal/ignore.go:176.3,176.26 1 0
the0/internal/ignore.go:176.26,178.35 2 0
the0/internal/ignore.go:178.35,180.16 2 0
the0/internal/ignore.go:180.16,182.6 1 0
the0/internal/ignore.go:188.2,188.42 1 0
the0/internal/ignore.go:188.42,190.3 1 0
the0/internal/ignore.go:192.2,192.14 1 0
the0/internal/ignore.go:196.86,199.21 2 0
the0/internal/ignore.go:199.21,201.3 1 0
the0/internal/ignore.go:203.2,207.18 3 0
the0/internal/ignore.go:207.18,208.79 1 0
the0/internal/ignore.go:208.79,210.4 1 0
the0/internal/ignore.go:214.2,214.18 1 0
the0/internal/ignore.go:214.18,216.3 1 0
the0/internal/ignore.go:219.2,220.18 2 0
the0/internal/ignore.go:220.18,221.42 1 0
the0/internal/ignore.go:221.42,223.4 1 0
the0/internal/ignore.go:223.9,223.28 1 0
the0/internal/ignore.go:223.28,225.4 1 0
the0/internal/ignore.go:225.9,227.4 1 0
the0/internal/ignore.go:231.2,231.35 1 0
the0/internal/ignore.go:231.35,234.14 2 0
the0/internal/ignore.go:234.14,236.4 1 0
the0/internal/ignore.go:239.3,240.28 2 0
the0/internal/ignore.go:240.28,243.15 3 0
the0/internal/ignore.go:243.15,245.5 1 0
the0/internal/ignore.go:249.3,250.14 2 0
the0/internal/ignore.go:250.14,252.4 1 0
the0/internal/ignore.go:253.8,255.37 1 0
the0/internal/ignore.go:255.37,257.14 2 0
the0/internal/ignore.go:257.14,259.5 1 0
the0/internal/ignore.go:263.3,263.78 1 0
the0/internal/ignore.go:263.78,265.4 1 0
the0/internal/ignore.go:268.3,269.34 2 0
the0/internal/ignore.go:269.34,270.22 1 0
the0/internal/ignore.go:270.22,272.5 1 0
the0/internal/ignore.go:276.2,276.14 1 0
the0/internal/ignore.go:280.66,288.62 4 0
the0/internal/ignore.go:288.62,290.3 1 0
the0/internal/ignore.go:292.2,292.20 1 0
the0/internal/updater.go:66.56,69.24 3 0
the0/internal/updater.go:69.24,71.3 1 0
the0/internal/updater.go:72.2,72.15 1 0
the0/internal/updater.go:83.47,85.30 1 0
the0/internal/updater.go:85.30,87.3 1 0
the0/internal/updater.go:88.2,88.33 1 0
the0/internal/updater.go:88.33,90.3 1 0
the0/internal/updater.go:93.2,93.26 1 0
the0/internal/updater.go:93.26,95.39 2 0
the0/internal/updater.go:95.39,97.4 1 0
the0/internal/updater.go:101.2,102.26 2 0
the0/internal/updater.go:102.26,106.3 2 0
the0/internal/updater.go:108.2,114.3 1 0
the0/internal/updater.go:118.59,124.23 4 0
the0/internal/updater.go:124.23,126.3 1 0
the0/internal/updater.go:129.2,130.31 2 0
the0/internal/updater.go:130.31,132.3 1 0
the0/internal/updater.go:134.2,140.3 1 0
the0/internal/updater.go:144.39,146.26 2 0
the0/internal/updater.go:146.26,148.3 1 0
the0/internal/updater.go:149.2,149.26 1 0
the0/internal/updater.go:153.87,157.16 3 0
the0/internal/updater.go:157.16,159.3 1 0
the0/internal/updater.go:162.2,166.32 3 0
the0/internal/updater.go:166.32,168.3 1 0
the0/internal/updater.go:168.8,170.3 1 0
the0/internal/updater.go:171.2,175.16 3 0
the0/internal/updater.go:175.16,177.3 1 0
the0/internal/updater.go:178.2,182.16 4 0
the0/internal/updater.go:182.16,184.3 1 0
the0/internal/updater.go:185.2,187.28 2 0
the0/internal/updater.go:187.28,189.3 1 0
the0/internal/updater.go:191.2,192.69 2 0
the0/internal/updater.go:192.69,194.3 1 0
the0/internal/updater.go:196.2,196.23 1 0
the0/internal/updater.go:200.78,202.16 2 0
the0/internal/updater.go:202.16,204.3 1 0
the0/internal/updater.go:206.2,206.33 1 0
the0/internal/updater.go:206.33,208.3 1 0
the0/internal/updater.go:211.2,220.58 5 0
the0/internal/updater.go:220.58,221.34 1 0
the0/internal/updater.go:221.34,223.9 2 0
the0/internal/updater.go:227.2,227.24 1 0
the0/internal/updater.go:227.24,229.3 1 0
the0/internal/updater.go:232.2,233.16 2 0
the0/internal/updater.go:233.16,235.3 1 0
the0/internal/updater.go:237.2,237.44 1 0
the0/internal/updater.go:241.108,248.16 3 0
the0/internal/updater.go:248.16,250.3 1 0
the0/internal/updater.go:252.2,253.16 2 0
the0/internal/updater.go:253.16,255.3 1 0
the0/internal/updater.go:256.2,258.28 2 0
the0/internal/updater.go:258.28,260.3 1 0
the0/internal/updater.go:263.2,270.16 4 0
the0/internal/updater.go:270.16,272.3 1 0
the0/internal/updater.go:274.2,274.25 1 0
the0/internal/updater.go:278.80,285.16 3 0
the0/internal/updater.go:285.16,287.3 1 0
the0/internal/updater.go:289.2,290.16 2 0
the0/internal/updater.go:290.16,292.3 1 0
the0/internal/updater.go:293.2,295.28 2 0
the0/internal/updater.go:295.28,297.3 1 0
the0/internal/updater.go:299.2,300.16 2 0
the0/internal/updater.go:300.16,302.3 1 0
the0/internal/updater.go:305.2,308.37 3 0
the0/internal/updater.go:308.37,310.17 2 0
the0/internal/updater.go:310.17,311.12 1 0
the0/internal/updater.go:314.3,315.22 2 0
the0/internal/updater.go:315.22,318.45 3 0
the0/internal/updater.go:318.45,320.10 2 0
the0/internal/updater.go:325.2,325.28 1 0
the0/internal/updater.go:325.28,327.3 1 0
the0/internal/updater.go:330.2,333.40 3 0
the0/internal/updater.go:333.40,335.3 1 0
the0/internal/updater.go:337.2,337.12 1 0
the0/internal/updater.go:341.61,343.16 2 0
the0/internal/updater.go:343.16,345.3 1 0
the0/internal/updater.go:347.2,347.31 1 0
the0/internal/updater.go:347.31,350.3 1 0
the0/internal/updater.go:352.2,352.59 1 0
the0/internal/updater.go:356.82,359.62 2 0
the0/internal/updater.go:359.62,361.3 1 0
the0/internal/updater.go:364.2,365.56 2 0
the0/internal/updater.go:365.56,368.3 2 0
the0/internal/updater.go:371.2,371.57 1 0
the0/internal/updater.go:371.57,374.3 2 0
the0/internal/updater.go:377.2,379.12 2 0
the0/internal/updater.go:383.79,386.16 2 0
the0/internal/updater.go:386.16,388.3 1 0
the0/internal/updater.go:391.2,392.69 2 0
the0/internal/updater.go:392.69,394.3 1 0
the0/internal/updater.go:397.2,397.57 1 0
the0/internal/updater.go:397.57,400.3 2 0
the0/internal/updater.go:402.2,402.12 1 0
the0/internal/updater.go:406.94,409.16 2 0
the0/internal/updater.go:409.16,411.3 1 0
the0/internal/updater.go:413.2,413.22 1 0
the0/internal/updater.go:413.22,415.3 1 0
the0/internal/updater.go:418.2,419.16 2 0
the0/internal/updater.go:419.16,421.3 1 0
the0/internal/updater.go:424.2,424.58 1 0
the0/internal/updater.go:424.58,426.3 1 0
the0/internal/updater.go:429.2,429.52 1 0
the0/internal/updater.go:429.52,431.3 1 0
the0/internal/updater.go:433.2,434.12 2 0
the0/internal/vendor.go:36.67,38.16 2 0
the0/internal/vendor.go:38.16,40.3 1 0
the0/internal/vendor.go:42.2,45.8 1 0
the0/internal/vendor.go:49.35,52.16 3 0
the0/internal/vendor.go:52.16,54.3 1 0
the0/internal/vendor.go:55.2,55.12 1 0
the0/internal/vendor.go:59.53,64.16 4 0
the0/internal/vendor.go:64.16,66.3 1 0
the0/internal/vendor.go:67.2,67.12 1 0
the0/internal/vendor.go:71.55,75.2 3 0
the0/internal/vendor.go:78.54,82.2 3 0
the0/internal/vendor.go:85.54,87.16 2 0
the0/internal/vendor.go:87.16,89.3 1 0
the0/internal/vendor.go:90.2,90.23 1 0
the0/internal/vendor.go:94.51,101.45 4 0
the0/internal/vendor.go:101.45,103.3 1 0
the0/internal/vendor.go:106.2,107.49 2 0
the0/internal/vendor.go:107.49,109.3 1 0
the0/internal/vendor.go:110.2,110.54 1 0
the0/internal/vendor.go:110.54,112.3 1 0
the0/internal/vendor.go:115.2,116.16 2 0
the0/internal/vendor.go:116.16,118.3 1 0
the0/internal/vendor.go:119.2,122.59 2 0
the0/internal/vendor.go:122.59,124.3 1 0
the0/internal/vendor.go:126.2,127.12 2 0
the0/internal/vendor.go:131.73,138.43 4 0
the0/internal/vendor.go:138.43,140.3 1 0
the0/internal/vendor.go:143.2,143.55 1 0
the0/internal/vendor.go:143.55,145.3 1 0
the0/internal/vendor.go:148.2,148.15 1 0
the0/internal/vendor.go:148.15,149.31 1 0
the0/internal/vendor.go:149.31,151.12 2 0
the0/internal/vendor.go:156.2,157.59 2 0
the0/internal/vendor.go:157.59,160.3 2 0
the0/internal/vendor.go:163.2,164.16 2 0
the0/internal/vendor.go:164.16,167.3 2 0
the0/internal/vendor.go:168.2,171.64 2 0
the0/internal/vendor.go:171.64,174.3 2 0
the0/internal/vendor.go:177.2,177.54 1 0
the0/internal/vendor.go:177.54,181.3 2 0
the0/internal/vendor.go:183.2,184.12 2 0
the0/internal/vendor.go:188.50,193.16 3 0
the0/internal/vendor.go:193.16,195.3 1 0
the0/internal/vendor.go:197.2,198.29 2 0
the0/internal/vendor.go:198.29,199.36 1 0
the0/internal/vendor.go:199.36,200.26 1 0
the0/internal/vendor.go:200.26,202.10 2 0
the0/internal/vendor.go:205.3,205.18 1 0
the0/internal/vendor.go:205.18,206.9 1 0
the0/internal/vendor.go:210.2,210.17 1 0
the0/internal/vendor.go:210.17,212.3 1 0
the0/internal/vendor.go:214.2,218.16 4 0
the0/internal/vendor.go:218.16,220.3 1 0
the0/internal/vendor.go:221.2,226.12 3 0
the0/internal/vendor.go:230.48,235.16 3 0
the0/internal/vendor.go:235.16,237.3 1 0
the0/internal/vendor.go:239.2,240.29 2 0
the0/internal/vendor.go:240.29,241.36 1 0
the0/internal/vendor.go:241.36,242.24 1 0
the0/internal/vendor.go:242.24,244.10 2 0
the0/internal/vendor.go:247.3,247.18 1 0
the0/internal/vendor.go:247.18,248.9 1 0
the0/internal/vendor.go:252.2,252.17 1 0
the0/internal/vendor.go:252.17,254.3 1 0
the0/internal/vendor.go:256.2,260.16 4 0
the0/internal/vendor.go:260.16,262.3 1 0
the0/internal/vendor.go:263.2,268.12 3 0
the0/internal/vendor.go:272.63,283.16 6 0
the0/internal/vendor.go:283.16,285.3 1 0
the0/internal/vendor.go:287.2,288.16 2 0
the0/internal/vendor.go:288.16,290.3 1 0
the0/internal/vendor.go:292.2,310.16 4 0
the0/internal/vendor.go:310.16,312.3 1 0
the0/internal/vendor.go:314.2,314.95 1 0
the0/internal/vendor.go:314.95,316.3 1 0
the0/internal/vendor.go:319.2,325.16 2 0
the0/internal/vendor.go:325.16,327.3 1 0
the0/internal/vendor.go:330.2,331.12 2 0
the0/internal/vendor.go:331.12,337.7 5 0
the0/internal/vendor.go:337.7,339.18 2 0
the0/internal/vendor.go:339.18,340.22 1 0
the0/internal/vendor.go:340.22,342.6 1 0
the0/internal/vendor.go:343.5,343.10 1 0
the0/internal/vendor.go:346.4,346.13 1 0
the0/internal/vendor.go:346.13,349.21 2 0
the0/internal/vendor.go:349.21,351.6 1 0
the0/internal/vendor.go:357.2,358.9 2 0
the0/internal/vendor.go:359.22,360.17 1 0
the0/internal/vendor.go:360.17,362.4 1 0
the0/internal/vendor.go:363.28,367.29 2 0
the0/internal/vendor.go:367.29,372.18 4 0
the0/internal/vendor.go:372.18,374.5 1 0
the0/internal/vendor.go:375.4,375.89 1 0
the0/internal/vendor.go:379.2,379.21 1 0
the0/internal/vendor.go:383.85,394.16 6 0
the0/internal/vendor.go:394.16,396.3 1 0
the0/internal/vendor.go:398.2,399.16 2 0
the0/internal/vendor.go:399.16,401.3 1 0
the0/internal/vendor.go:404.2,424.16 5 0
the0/internal/vendor.go:424.16,426.3 1 0
the0/internal/vendor.go:428.2,428.95 1 0
the0/internal/vendor.go:428.95,430.3 1 0
the0/internal/vendor.go:433.2,439.16 2 0
the0/internal/vendor.go:439.16,441.3 1 0
the0/internal/vendor.go:444.2,445.12 2 0
the0/internal/vendor.go:445.12,451.7 5 0
the0/internal/vendor.go:451.7,453.18 2 0
the0/internal/vendor.go:453.18,454.22 1 0
the0/internal/vendor.go:454.22,456.6 1 0
the0/internal/vendor.go:457.5,457.10 1 0
the0/internal/vendor.go:460.4,460.13 1 0
the0/internal/vendor.go:460.13,463.21 2 0
the0/internal/vendor.go:463.21,465.6 1 0
the0/internal/vendor.go:471.2,472.9 2 0
the0/internal/vendor.go:473.22,474.17 1 0
the0/internal/vendor.go:474.17,476.4 1 0
the0/internal/vendor.go:477.28,481.29 2 0
the0/internal/vendor.go:481.29,486.18 4 0
the0/internal/vendor.go:486.18,488.5 1 0
the0/internal/vendor.go:489.4,489.89 1 0
the0/internal/vendor.go:493.2,493.21 1 0
the0/internal/vendor.go:497.59,501.16 3 0
the0/internal/vendor.go:501.16,504.3 2 0
the0/internal/vendor.go:504.8,508.3 2 0
the0/internal/vendor.go:510.2,510.152 1 0
the0/internal/vendor.go:514.75,518.16 3 0
the0/internal/vendor.go:518.16,521.3 2 0
the0/internal/vendor.go:521.8,525.3 2 0
the0/internal/vendor.go:527.2,528.19 2 0
the0/internal/vendor.go:528.19,531.3 1 0
the0/internal/vendor.go:533.2,533.77 1 0
the0/internal/vendor.go:537.71,539.16 2 0
the0/internal/vendor.go:539.16,541.3 1 0
the0/internal/vendor.go:543.2,543.23 1 0
the0/internal/vendor.go:543.23,545.3 1 0
the0/internal/vendor.go:548.2,549.16 2 0
the0/internal/vendor.go:549.16,551.3 1 0
the0/internal/vendor.go:553.2,563.32 7 0
the0/internal/vendor.go:563.32,564.18 1 0
the0/internal/vendor.go:564.18,566.9 2 0
the0/internal/vendor.go:568.3,568.20 1 0
the0/internal/vendor.go:568.20,571.4 2 0
the0/internal/vendor.go:575.2,575.27 1 0
the0/internal/vendor.go:575.27,578.3 2 0
the0/internal/vendor.go:580.2,580.12 1 0
the0/internal/vendor.go:584.79,591.16 3 0
the0/internal/vendor.go:591.16,593.3 1 0
the0/internal/vendor.go:594.2,597.16 3 0
the0/internal/vendor.go:597.16,599.3 1 0
the0/internal/vendor.go:601.2,601.26 1 0
the0/internal/vendor.go:605.63,608.2 2 0
the0/internal/vendor.go:611.80,614.85 2 0
the0/internal/vendor.go:614.85,615.17 1 0
the0/internal/vendor.go:615.17,617.4 1 0
the0/internal/vendor.go:618.3,618.20 1 0
the0/internal/vendor.go:618.20,620.4 1 0
the0/internal/vendor.go:621.3,621.13 1 0
the0/internal/vendor.go:624.2,624.23 1 0
the0/internal/vendor.go:628.61,630.18 2 0
the0/internal/vendor.go:630.18,632.3 1 0
the0/internal/vendor.go:634.2,635.46 2 0
the0/internal/vendor.go:635.46,638.3 2 0
the0/internal/vendor.go:640.2,640.76 1 0
the0/internal/vendor.go:644.70,648.23 3 0
the0/internal/vendor.go:648.23,651.25 1 0
the0/internal/vendor.go:651.25,654.9 2 0
the0/internal/vendor.go:658.3,664.29 3 0
the0/internal/vendor.go:664.29,667.4 2 0
the0/internal/vendor.go:667.9,670.9 2 0
the0/internal/vendor.go:674.2,674.24 1 0
the0/internal/vendor.go:678.60,680.2 1 0
the0/internal/vendor.go:683.60,688.60 3 0
the0/internal/vendor.go:688.60,690.3 1 0
the0/internal/vendor.go:693.2,693.47 1 0
the0/internal/vendor.go:693.47,694.50 1 0
the0/internal/vendor.go:694.50,696.4 1 0
the0/internal/vendor.go:700.2,700.63 1 0
the0/internal/vendor.go:700.63,702.3 1 0
the0/internal/vendor.go:704.2,706.12 3 0
the0/internal/vendor.go:710.59,712.2 1 0
the0/internal/vendor.go:715.59,720.55 3 0
the0/internal/vendor.go:720.55,722.3 1 0
the0/internal/vendor.go:725.2,725.52 1 0
the0/internal/vendor.go:725.52,726.55 1 0
the0/internal/vendor.go:726.55,728.4 1 0
the0/internal/vendor.go:732.2,732.63 1 0
the0/internal/vendor.go:732.63,734.3 1 0
the0/internal/vendor.go:736.2,738.12 3 0
the0/internal/vendor.go:742.59,744.2 1 0
the0/internal/vendor.go:747.59,751.55 2 0
the0/internal/vendor.go:751.55,753.3 1 0
the0/internal/vendor.go:756.2,756.49 1 0
the0/internal/vendor.go:756.49,758.3 1 0
the0/internal/vendor.go:760.2,760.12 1 0
the0/internal/vendor.go:764.40,765.28 1 0
the0/internal/vendor.go:765.28,767.3 1 0
the0/internal/vendor.go:768.2,768.12 1 0
the0/internal/vendor.go:772.63,775.61 2 0
the0/internal/vendor.go:775.61,777.3 1 0
the0/internal/vendor.go:780.2,784.31 4 0
the0/internal/vendor.go:784.31,786.61 1 0
the0/internal/vendor.go:786.61,788.4 1 0
the0/internal/vendor.go:791.2,791.18 1 0
the0/internal/vendor.go:795.67,798.60 2 0
the0/internal/vendor.go:798.60,800.3 1 0
the0/internal/vendor.go:803.2,807.31 4 0
the0/internal/vendor.go:807.31,809.65 1 0
the0/internal/vendor.go:809.65,811.4 1 0
the0/internal/vendor.go:814.2,814.18 1 0
the0/internal/vendor.go:818.57,824.16 4 0
the0/internal/vendor.go:824.16,826.3 1 0
the0/internal/vendor.go:829.2,830.16 2 0
the0/internal/vendor.go:830.16,832.3 1 0
the0/internal/vendor.go:834.2,834.46 1 0
the0/internal/vendor.go:834.46,836.3 1 0
the0/internal/vendor.go:839.2,839.47 1 0
the0/internal/vendor.go:839.47,844.3 4 0
the0/internal/vendor.go:846.2,847.16 2 0
the0/internal/vendor.go:847.16,851.3 3 0
the0/internal/vendor.go:852.2,854.48 2 0
the0/internal/vendor.go:854.48,859.3 4 0
the0/internal/vendor.go:862.2,862.24 1 0
the0/internal/vendor.go:862.24,864.47 2 0
the0/internal/vendor.go:864.47,868.4 3 0
the0/internal/vendor.go:872.2,872.22 1 0
the0/internal/vendor.go:872.22,875.64 3 0
the0/internal/vendor.go:875.64,879.4 3 0
the0/internal/vendor.go:882.2,882.12 1 0
the0/internal/vendor.go:886.43,889.47 2 0
the0/internal/vendor.go:889.47,891.3 1 0
the0/internal/vendor.go:894.2,895.52 2 0
the0/internal/vendor.go:895.52,897.3 1 0
the0/internal/vendor.go:900.2,901.16 2 0
the0/internal/vendor.go:901.16,902.30 1 0
the0/internal/vendor.go:902.30,904.4 1 0
the0/internal/version.go:13.63,18.44 2 0
the0/internal/version.go:18.44,20.3 1 0
the0/internal/version.go:20.8,22.39 1 0
the0/internal/version.go:22.39,24.4 1 0
the0/internal/version.go:27.2,27.35 1 0
the0/internal/version.go:31.60,33.16 2 0
the0/internal/version.go:33.16,35.3 1 0
the0/internal/version.go:37.2,38.16 2 0
the0/internal/version.go:38.16,40.3 1 0
the0/internal/version.go:42.2,42.47 1 0
the0/internal/version.go:46.33,50.2 1 0
the0/internal/version.go:53.46,57.44 2 0
the0/internal/version.go:57.44,59.3 1 0
the0/internal/version.go:62.2,62.37 1 0
the0/internal/version.go:62.37,64.3 1 0
the0/internal/version.go:66.2,66.16 1 0
the0/internal/zip.go:14.37,16.2 1 0
the0/internal/zip.go:19.60,22.16 3 0
the0/internal/zip.go:22.16,24.3 1 0
the0/internal/zip.go:25.2,32.16 5 0
the0/internal/zip.go:32.16,34.3 1 0
the0/internal/zip.go:36.2,36.86 1 0
the0/internal/zip.go:36.86,37.17 1 0
the0/internal/zip.go:37.17,39.4 1 0
the0/internal/zip.go:42.3,42.37 1 0
the0/internal/zip.go:42.37,44.4 1 0
the0/internal/zip.go:47.3,48.17 2 0
the0/internal/zip.go:48.17,50.4 1 0
the0/internal/zip.go:53.3,53.21 1 0
the0/internal/zip.go:53.21,55.4 1 0
the0/internal/zip.go:58.3,58.50 1 0
the0/internal/zip.go:58.50,59.20 1 0
the0/internal/zip.go:59.20,61.5 1 0
the0/internal/zip.go:62.4,62.14 1 0
the0/internal/zip.go:66.3,66.52 1 0
the0/internal/zip.go:66.52,67.20 1 0
the0/internal/zip.go:67.20,69.5 1 0
the0/internal/zip.go:70.4,70.14 1 0
the0/internal/zip.go:73.3,73.19 1 0
the0/internal/zip.go:73.19,75.4 1 0
the0/internal/zip.go:77.3,78.17 2 0
the0/internal/zip.go:78.17,80.4 1 0
the0/internal/zip.go:81.3,85.17 3 0
the0/internal/zip.go:85.17,87.4 1 0
the0/internal/zip.go:89.3,90.13 2 0
the0/internal/zip.go:93.2,93.21 1 0
